   Compiling e2e-tests v0.1.0 (/Users/grant/coding/telcoin/telcoin-network/crates/e2e-tests)
    Finished `test` profile [unoptimized + debuginfo] target(s) in 5.24s
────────────
 Nextest run ID 003e7ea8-a8bc-4957-a992-28b385af8911 with nextest profile: default
    Starting 8 tests across 2 binaries (3 tests skipped)
        PASS [  98.871s] (1/8) e2e-tests::it epochs::test_epoch_boundary
        PASS [  12.682s] (2/8) e2e-tests::it restarts::test_observer_late_join_catchup
        SLOW [>120.000s] (─────) e2e-tests::it epochs::test_epoch_sync
        PASS [  29.424s] (3/8) e2e-tests::it restarts::test_observer_reconnect_after_pause
        PASS [ 178.534s] (4/8) e2e-tests::it epochs::test_epoch_sync
        SLOW [>120.000s] (─────) e2e-tests::it restarts::test_restarts_delayed
        SLOW [>120.000s] (─────) e2e-tests::it restarts::test_restarts_lagged_delayed
        PASS [ 178.722s] (5/8) e2e-tests::it restarts::test_restarts_delayed
        PASS [  17.073s] (6/8) e2e-tests::it restarts::test_restarts_observer
        PASS [ 172.076s] (7/8) e2e-tests::it restarts::test_restarts_lagged_delayed
        PASS [  58.251s] (8/8) e2e-tests::it restarts::test_restartstt
────────────
     Summary [ 395.026s] 8 tests run: 8 passed (3 slow), 3 skipped
    Finished `test` profile [unoptimized + debuginfo] target(s) in 0.52s
────────────
 Nextest run ID 5efeacf8-e7f1-412c-ae25-96e59e14e09b with nextest profile: default
    Starting 8 tests across 2 binaries (3 tests skipped)
        PASS [  95.121s] (1/8) e2e-tests::it epochs::test_epoch_boundary
        PASS [  16.970s] (2/8) e2e-tests::it restarts::test_observer_late_join_catchup
        SLOW [>120.000s] (─────) e2e-tests::it epochs::test_epoch_sync
        PASS [  30.599s] (3/8) e2e-tests::it restarts::test_observer_reconnect_after_pause
        PASS [ 169.485s] (4/8) e2e-tests::it epochs::test_epoch_sync
        SLOW [>120.000s] (─────) e2e-tests::it restarts::test_restarts_delayed
        PASS [ 124.819s] (5/8) e2e-tests::it restarts::test_restarts_delayed
        PASS [  18.625s] (6/8) e2e-tests::it restarts::test_restarts_observer
        SLOW [>120.000s] (─────) e2e-tests::it restarts::test_restarts_lagged_delayed
        PASS [ 131.093s] (7/8) e2e-tests::it restarts::test_restarts_lagged_delayed
        PASS [  55.521s] (8/8) e2e-tests::it restarts::test_restartstt
────────────
     Summary [ 341.658s] 8 tests run: 8 passed (3 slow), 3 skipped
    Finished `test` profile [unoptimized + debuginfo] target(s) in 0.45s
────────────
 Nextest run ID b7732195-cc1d-4fe5-9040-643321fb270c with nextest profile: default
    Starting 8 tests across 2 binaries (3 tests skipped)
        PASS [  95.437s] (1/8) e2e-tests::it epochs::test_epoch_boundary
        PASS [  14.001s] (2/8) e2e-tests::it restarts::test_observer_late_join_catchup
        SLOW [>120.000s] (─────) e2e-tests::it epochs::test_epoch_sync
        PASS [  30.901s] (3/8) e2e-tests::it restarts::test_observer_reconnect_after_pause
        PASS [ 167.075s] (4/8) e2e-tests::it epochs::test_epoch_sync
        SLOW [>120.000s] (─────) e2e-tests::it restarts::test_restarts_delayed
        SLOW [>120.000s] (─────) e2e-tests::it restarts::test_restarts_lagged_delayed
        PASS [ 165.970s] (5/8) e2e-tests::it restarts::test_restarts_delayed
        FAIL [  16.756s] (6/8) e2e-tests::it restarts::test_restarts_observer
  stdout ───

    running 1 test
    2026-03-24T16:02:33.740822Z ERROR restart-test: basefee error! bal=294000 expected_bal=220500
    test restarts::test_restarts_observer ... FAILED

    failures:

    failures:
        restarts::test_restarts_observer

    test result: FAILED. 0 passed; 1 failed; 0 ignored; 0 measured; 10 filtered out; finished in 16.74s

  stderr ───
    Error: Expected a basefee increment!

    Location:
        crates/e2e-tests/tests/it/restarts.rs:57:20

        PASS [ 178.142s] (7/8) e2e-tests::it restarts::test_restarts_lagged_delayed
        PASS [  60.383s] (8/8) e2e-tests::it restarts::test_restartstt
────────────
     Summary [ 383.451s] 8 tests run: 7 passed (3 slow), 1 failed, 3 skipped
        FAIL [  16.756s] (6/8) e2e-tests::it restarts::test_restarts_observer
error: test run failed
   Compiling e2e-tests v0.1.0 (/Users/grant/coding/telcoin/telcoin-network/crates/e2e-tests)
    Finished `test` profile [unoptimized + debuginfo] target(s) in 4.95s
────────────
 Nextest run ID c0446d00-69ee-4970-ae80-714d7497ce51 with nextest profile: default
    Starting 8 tests across 2 binaries (3 tests skipped)
        PASS [  94.697s] (1/8) e2e-tests::it epochs::test_epoch_boundary
        PASS [  15.661s] (2/8) e2e-tests::it restarts::test_observer_late_join_catchup
        SLOW [>120.000s] (─────) e2e-tests::it epochs::test_epoch_sync
        PASS [  29.462s] (3/8) e2e-tests::it restarts::test_observer_reconnect_after_pause
        PASS [ 166.215s] (4/8) e2e-tests::it epochs::test_epoch_sync
        SLOW [>120.000s] (─────) e2e-tests::it restarts::test_restarts_delayed
        PASS [ 138.908s] (5/8) e2e-tests::it restarts::test_restarts_delayed
        SLOW [>120.000s] (─────) e2e-tests::it restarts::test_restarts_lagged_delayed
        FAIL [  14.736s] (6/8) e2e-tests::it restarts::test_restarts_observer
  stdout ───

    running 1 test
    2026-03-24T17:06:29.730179Z ERROR restart-test: basefee error! bal=294000 expected_bal=220500
    test restarts::test_restarts_observer ... FAILED

    failures:

    failures:
        restarts::test_restarts_observer

    test result: FAILED. 0 passed; 1 failed; 0 ignored; 0 measured; 10 filtered out; finished in 14.71s

  stderr ───
    Error: Expected a basefee increment!

    Location:
        crates/e2e-tests/tests/it/restarts.rs:57:20

        PASS [ 128.581s] (7/8) e2e-tests::it restarts::test_restarts_lagged_delayed
        PASS [  54.323s] (8/8) e2e-tests::it restarts::test_restartstt
────────────
     Summary [ 347.795s] 8 tests run: 7 passed (3 slow), 1 failed, 3 skipped
        FAIL [  14.736s] (6/8) e2e-tests::it restarts::test_restarts_observer
error: test run failed
